MONGODB [DEBUG] Logging level is currently :debug which could negatively impact client-side performance. You should set your logging level no lower than :info in production.
MONGODB (152ms) admin['$cmd'].find({:ismaster=>1}).limit(-1)
MONGODB [DEBUG] Logging level is currently :debug which could negatively impact client-side performance. You should set your logging level no lower than :info in production.
MONGODB (0ms) admin['$cmd'].find({:ismaster=>1}).limit(-1)
MONGODB [DEBUG] Logging level is currently :debug which could negatively impact client-side performance. You should set your logging level no lower than :info in production.
MONGODB (0ms) admin['$cmd'].find({:ismaster=>1}).limit(-1)
MONGODB [DEBUG] Logging level is currently :debug which could negatively impact client-side performance. You should set your logging level no lower than :info in production.
MONGODB (0ms) admin['$cmd'].find({:ismaster=>1}).limit(-1)
MONGODB [DEBUG] Logging level is currently :debug which could negatively impact client-side performance. You should set your logging level no lower than :info in production.
MONGODB (0ms) admin['$cmd'].find({:ismaster=>1}).limit(-1)
MONGODB [DEBUG] Logging level is currently :debug which could negatively impact client-side performance. You should set your logging level no lower than :info in production.
MONGODB (0ms) admin['$cmd'].find({:ismaster=>1}).limit(-1)
MONGODB [DEBUG] Logging level is currently :debug which could negatively impact client-side performance. You should set your logging level no lower than :info in production.
MONGODB (0ms) admin['$cmd'].find({:ismaster=>1}).limit(-1)
MONGODB [DEBUG] Logging level is currently :debug which could negatively impact client-side performance. You should set your logging level no lower than :info in production.
MONGODB (0ms) admin['$cmd'].find({:ismaster=>1}).limit(-1)
MONGODB [DEBUG] Logging level is currently :debug which could negatively impact client-side performance. You should set your logging level no lower than :info in production.
MONGODB (0ms) admin['$cmd'].find({:ismaster=>1}).limit(-1)
MONGODB [DEBUG] Logging level is currently :debug which could negatively impact client-side performance. You should set your logging level no lower than :info in production.
MONGODB (24ms) admin['$cmd'].find({:ismaster=>1}).limit(-1)
MONGODB [DEBUG] Logging level is currently :debug which could negatively impact client-side performance. You should set your logging level no lower than :info in production.
MONGODB (0ms) admin['$cmd'].find({:ismaster=>1}).limit(-1)
MONGODB [DEBUG] Logging level is currently :debug which could negatively impact client-side performance. You should set your logging level no lower than :info in production.
MONGODB (0ms) admin['$cmd'].find({:ismaster=>1}).limit(-1)
MONGODB [DEBUG] Logging level is currently :debug which could negatively impact client-side performance. You should set your logging level no lower than :info in production.
MONGODB (0ms) admin['$cmd'].find({:ismaster=>1}).limit(-1)
MONGODB [DEBUG] Logging level is currently :debug which could negatively impact client-side performance. You should set your logging level no lower than :info in production.
MONGODB (0ms) admin['$cmd'].find({:ismaster=>1}).limit(-1)
MONGODB [DEBUG] Logging level is currently :debug which could negatively impact client-side performance. You should set your logging level no lower than :info in production.
MONGODB (0ms) admin['$cmd'].find({:ismaster=>1}).limit(-1)
MONGODB [DEBUG] Logging level is currently :debug which could negatively impact client-side performance. You should set your logging level no lower than :info in production.
MONGODB (0ms) admin['$cmd'].find({:ismaster=>1}).limit(-1)
MONGODB [DEBUG] Logging level is currently :debug which could negatively impact client-side performance. You should set your logging level no lower than :info in production.
MONGODB (20ms) admin['$cmd'].find({:ismaster=>1}).limit(-1)
MONGODB [DEBUG] Logging level is currently :debug which could negatively impact client-side performance. You should set your logging level no lower than :info in production.
MONGODB (0ms) admin['$cmd'].find({:ismaster=>1}).limit(-1)
MONGODB [DEBUG] Logging level is currently :debug which could negatively impact client-side performance. You should set your logging level no lower than :info in production.
MONGODB (0ms) admin['$cmd'].find({:ismaster=>1}).limit(-1)
MONGODB [DEBUG] Logging level is currently :debug which could negatively impact client-side performance. You should set your logging level no lower than :info in production.
MONGODB (0ms) admin['$cmd'].find({:ismaster=>1}).limit(-1)
MONGODB [DEBUG] Logging level is currently :debug which could negatively impact client-side performance. You should set your logging level no lower than :info in production.
MONGODB (0ms) admin['$cmd'].find({:ismaster=>1}).limit(-1)
MONGODB [DEBUG] Logging level is currently :debug which could negatively impact client-side performance. You should set your logging level no lower than :info in production.
MONGODB (0ms) admin['$cmd'].find({:ismaster=>1}).limit(-1)
MONGODB [DEBUG] Logging level is currently :debug which could negatively impact client-side performance. You should set your logging level no lower than :info in production.
MONGODB (0ms) admin['$cmd'].find({:ismaster=>1}).limit(-1)
MONGODB [DEBUG] Logging level is currently :debug which could negatively impact client-side performance. You should set your logging level no lower than :info in production.
MONGODB (0ms) admin['$cmd'].find({:ismaster=>1}).limit(-1)
MONGODB [DEBUG] Logging level is currently :debug which could negatively impact client-side performance. You should set your logging level no lower than :info in production.
MONGODB (0ms) admin['$cmd'].find({:ismaster=>1}).limit(-1)
MONGODB [DEBUG] Logging level is currently :debug which could negatively impact client-side performance. You should set your logging level no lower than :info in production.
MONGODB (0ms) admin['$cmd'].find({:ismaster=>1}).limit(-1)
MONGODB [DEBUG] Logging level is currently :debug which could negatively impact client-side performance. You should set your logging level no lower than :info in production.
MONGODB (0ms) admin['$cmd'].find({:ismaster=>1}).limit(-1)
MONGODB [DEBUG] Logging level is currently :debug which could negatively impact client-side performance. You should set your logging level no lower than :info in production.
MONGODB (0ms) admin['$cmd'].find({:ismaster=>1}).limit(-1)
MONGODB [DEBUG] Logging level is currently :debug which could negatively impact client-side performance. You should set your logging level no lower than :info in production.
MONGODB (0ms) admin['$cmd'].find({:ismaster=>1}).limit(-1)


Started GET "/pages/new" for 127.0.0.1 at 2012-07-08 16:46:06 +0400
  Processing by PagesController#new as HTML
Rendered pages/_form.html.erb (73.6ms)
Rendered pages/new.html.erb within layouts/application (100.1ms)
Compiled application.css  (17ms)  (pid 18609)
Compiled pages.css  (3ms)  (pid 18609)
Compiled scaffolds.css  (12ms)  (pid 18609)
Compiled spages.css  (1ms)  (pid 18609)
Compiled application.js  (21ms)  (pid 18609)
Compiled jquery.js  (12ms)  (pid 18609)
Compiled jquery_ujs.js  (0ms)  (pid 18609)
Compiled pages.js  (122ms)  (pid 18609)
Compiled spages.js  (0ms)  (pid 18609)
Completed 200 OK in 437ms (Views: 435.5ms)


Started GET "/assets/application.css?body=1" for 127.0.0.1 at 2012-07-08 16:46:07 +0400
Served asset /application.css - 200 OK (0ms)


Started GET "/assets/scaffolds.css?body=1" for 127.0.0.1 at 2012-07-08 16:46:07 +0400
Served asset /scaffolds.css - 200 OK (4ms)


Started GET "/assets/pages.css?body=1" for 127.0.0.1 at 2012-07-08 16:46:07 +0400
Served asset /pages.css - 200 OK (1ms)


Started GET "/assets/spages.css?body=1" for 127.0.0.1 at 2012-07-08 16:46:07 +0400
Served asset /spages.css - 200 OK (1ms)


Started GET "/assets/jquery_ujs.js?body=1" for 127.0.0.1 at 2012-07-08 16:46:07 +0400
Served asset /jquery_ujs.js - 200 OK (3ms)


Started GET "/assets/jquery.js?body=1" for 127.0.0.1 at 2012-07-08 16:46:07 +0400
Served asset /jquery.js - 200 OK (2ms)


Started GET "/assets/pages.js?body=1" for 127.0.0.1 at 2012-07-08 16:46:07 +0400
Served asset /pages.js - 200 OK (2ms)


Started GET "/assets/spages.js?body=1" for 127.0.0.1 at 2012-07-08 16:46:07 +0400
Served asset /spages.js - 200 OK (1ms)


Started GET "/assets/application.js?body=1" for 127.0.0.1 at 2012-07-08 16:46:07 +0400
Served asset /application.js - 200 OK (0ms)
MONGODB [DEBUG] Logging level is currently :debug which could negatively impact client-side performance. You should set your logging level no lower than :info in production.
MONGODB (0ms) admin['$cmd'].find({:ismaster=>1}).limit(-1)
MONGODB [DEBUG] Logging level is currently :debug which could negatively impact client-side performance. You should set your logging level no lower than :info in production.
MONGODB (0ms) admin['$cmd'].find({:ismaster=>1}).limit(-1)


Started GET "/pages/new" for 127.0.0.1 at 2012-07-08 17:42:23 +0400
  Processing by PagesController#new as HTML
Rendered pages/_form.html.erb (12.4ms)
Rendered pages/new.html.erb within layouts/application (38.4ms)
Completed 500 Internal Server Error in 300ms

ActionView::Template::Error (undefined method `link_tag' for #<#<Class:0x9400e1c>:0x99cfa00>):
    7:   <%= csrf_meta_tags %>
    8: </head>
    9: <body>
    10:   <%= link_tag "sign_in", new_user_session_path%>|
    11:   <%= link_tag "sign_up", new_user_registration_path%>
    12: 
    13: <%= yield %>
  app/views/layouts/application.html.erb:10:in `_app_views_layouts_application_html_erb__720387515_77062660'
  app/controllers/pages_controller.rb:29:in `new'

Rendered /home/monax/.rvm/gems/ruby-1.9.3-p0/gems/actionpack-3.1.3/lib/action_dispatch/middleware/templates/rescues/_trace.erb (1.4ms)
Rendered /home/monax/.rvm/gems/ruby-1.9.3-p0/gems/actionpack-3.1.3/lib/action_dispatch/middleware/templates/rescues/_request_and_response.erb (1.0ms)
Rendered /home/monax/.rvm/gems/ruby-1.9.3-p0/gems/actionpack-3.1.3/lib/action_dispatch/middleware/templates/rescues/template_error.erb within rescues/layout (5.7ms)


Started GET "/pages/new" for 127.0.0.1 at 2012-07-08 17:42:46 +0400
  Processing by PagesController#new as HTML
Rendered pages/_form.html.erb (4.1ms)
Rendered pages/new.html.erb within layouts/application (4.9ms)
Completed 200 OK in 13ms (Views: 12.1ms)


Started GET "/assets/application.css?body=1" for 127.0.0.1 at 2012-07-08 17:42:46 +0400
Served asset /application.css - 304 Not Modified (0ms)


Started GET "/assets/scaffolds.css?body=1" for 127.0.0.1 at 2012-07-08 17:42:46 +0400
Served asset /scaffolds.css - 304 Not Modified (1ms)


Started GET "/assets/jquery.js?body=1" for 127.0.0.1 at 2012-07-08 17:42:46 +0400
Served asset /jquery.js - 304 Not Modified (7ms)


Started GET "/assets/pages.css?body=1" for 127.0.0.1 at 2012-07-08 17:42:46 +0400
Served asset /pages.css - 304 Not Modified (1ms)


Started GET "/assets/spages.css?body=1" for 127.0.0.1 at 2012-07-08 17:42:46 +0400
Served asset /spages.css - 304 Not Modified (2ms)


Started GET "/assets/jquery_ujs.js?body=1" for 127.0.0.1 at 2012-07-08 17:42:46 +0400
Served asset /jquery_ujs.js - 304 Not Modified (3ms)


Started GET "/assets/pages.js?body=1" for 127.0.0.1 at 2012-07-08 17:42:46 +0400
Served asset /pages.js - 304 Not Modified (1ms)


Started GET "/assets/spages.js?body=1" for 127.0.0.1 at 2012-07-08 17:42:46 +0400
Served asset /spages.js - 304 Not Modified (1ms)


Started GET "/assets/application.js?body=1" for 127.0.0.1 at 2012-07-08 17:42:46 +0400
Served asset /application.js - 304 Not Modified (0ms)


Started GET "/users/sign_up" for 127.0.0.1 at 2012-07-08 17:42:50 +0400
  Processing by Devise::RegistrationsController#new as HTML
Rendered /home/monax/.rvm/gems/ruby-1.9.3-p0/gems/devise-2.1.2/app/views/devise/shared/_links.erb (26.3ms)
Rendered /home/monax/.rvm/gems/ruby-1.9.3-p0/gems/devise-2.1.2/app/views/devise/registrations/new.html.erb within layouts/application (31.2ms)
Completed 200 OK in 67ms (Views: 39.6ms)


Started GET "/assets/application.css?body=1" for 127.0.0.1 at 2012-07-08 17:42:51 +0400
Served asset /application.css - 304 Not Modified (0ms)


Started GET "/assets/scaffolds.css?body=1" for 127.0.0.1 at 2012-07-08 17:42:51 +0400
Served asset /scaffolds.css - 304 Not Modified (0ms)


Started GET "/assets/pages.css?body=1" for 127.0.0.1 at 2012-07-08 17:42:51 +0400
Served asset /pages.css - 304 Not Modified (0ms)


Started GET "/assets/jquery.js?body=1" for 127.0.0.1 at 2012-07-08 17:42:51 +0400
Served asset /jquery.js - 304 Not Modified (0ms)


Started GET "/assets/spages.css?body=1" for 127.0.0.1 at 2012-07-08 17:42:51 +0400
Served asset /spages.css - 304 Not Modified (0ms)


Started GET "/assets/jquery_ujs.js?body=1" for 127.0.0.1 at 2012-07-08 17:42:51 +0400
Served asset /jquery_ujs.js - 304 Not Modified (0ms)


Started GET "/assets/pages.js?body=1" for 127.0.0.1 at 2012-07-08 17:42:51 +0400
Served asset /pages.js - 304 Not Modified (0ms)


Started GET "/assets/spages.js?body=1" for 127.0.0.1 at 2012-07-08 17:42:51 +0400
Served asset /spages.js - 304 Not Modified (0ms)


Started GET "/assets/application.js?body=1" for 127.0.0.1 at 2012-07-08 17:42:51 +0400
Served asset /application.js - 304 Not Modified (0ms)
